mode: atomic
lambda/aws-sandbox/graph-ql-api/main.go:15.114,22.2 3 1
lambda/aws-sandbox/graph-ql-api/main.go:24.14,26.2 0 1
lambda/aws-sandbox/graph-ql-api/main.go:48.13,51.2 1 0
lambda/aws-sandbox/graph-ql-api/api/scanSandboxTable.go:15.80,21.21 3 4
lambda/aws-sandbox/graph-ql-api/api/scanSandboxTable.go:27.2,33.16 3 3
lambda/aws-sandbox/graph-ql-api/api/scanSandboxTable.go:38.2,40.16 2 2
lambda/aws-sandbox/graph-ql-api/api/scanSandboxTable.go:44.2,44.14 1 2
lambda/aws-sandbox/graph-ql-api/api/scanSandboxTable.go:21.21,25.3 3 1
lambda/aws-sandbox/graph-ql-api/api/scanSandboxTable.go:33.16,36.3 2 1
lambda/aws-sandbox/graph-ql-api/api/scanSandboxTable.go:40.16,43.3 2 0
lambda/aws-sandbox/graph-ql-api/api/updateSandbox.go:16.117,20.30 2 3
lambda/aws-sandbox/graph-ql-api/api/updateSandbox.go:24.2,24.21 1 2
lambda/aws-sandbox/graph-ql-api/api/updateSandbox.go:30.2,47.16 4 1
lambda/aws-sandbox/graph-ql-api/api/updateSandbox.go:51.2,69.16 4 1
lambda/aws-sandbox/graph-ql-api/api/updateSandbox.go:73.2,76.16 3 0
lambda/aws-sandbox/graph-ql-api/api/updateSandbox.go:20.30,22.3 1 1
lambda/aws-sandbox/graph-ql-api/api/updateSandbox.go:24.21,28.3 3 1
lambda/aws-sandbox/graph-ql-api/api/updateSandbox.go:47.16,49.3 1 0
lambda/aws-sandbox/graph-ql-api/api/updateSandbox.go:69.16,71.3 1 1
lambda/aws-sandbox/graph-ql-api/api/api.go:21.144,23.2 1 3
lambda/aws-sandbox/graph-ql-api/api/api.go:25.162,27.2 1 1
lambda/aws-sandbox/graph-ql-api/connection/dynamoDb.go:14.59,15.32 1 4
lambda/aws-sandbox/graph-ql-api/connection/dynamoDb.go:26.2,28.16 2 2
lambda/aws-sandbox/graph-ql-api/connection/dynamoDb.go:33.2,35.12 2 2
lambda/aws-sandbox/graph-ql-api/connection/dynamoDb.go:15.32,18.8 3 2
lambda/aws-sandbox/graph-ql-api/connection/dynamoDb.go:18.8,20.4 1 1
lambda/aws-sandbox/graph-ql-api/connection/dynamoDb.go:20.9,22.4 1 1
lambda/aws-sandbox/graph-ql-api/connection/dynamoDb.go:28.16,30.3 1 0
lambda/aws-sandbox/graph-ql-api/models/cloudSandbox.go:21.32,23.2 1 1
lambda/aws-sandbox/graph-ql-api/models/cloudSandbox.go:24.34,26.2 1 1
lambda/aws-sandbox/graph-ql-api/models/cloudSandbox.go:45.44,47.2 1 3
lambda/aws-sandbox/graph-ql-api/models/cloudSandbox.go:49.51,51.2 1 3
lambda/aws-sandbox/graph-ql-api/models/cloudSandbox.go:53.51,55.2 1 3
lambda/aws-sandbox/graph-ql-api/models/cloudSandbox.go:57.48,59.2 1 3
lambda/aws-sandbox/graph-ql-api/models/cloudSandbox.go:61.49,63.2 1 3
lambda/aws-sandbox/graph-ql-api/models/cloudSandbox.go:82.46,84.2 1 3
lambda/aws-sandbox/graph-ql-api/models/cloudSandbox.go:86.50,88.2 1 3
lambda/aws-sandbox/graph-ql-api/models/cloudSandbox.go:90.53,92.2 1 3
lambda/aws-sandbox/graph-ql-api/models/cloudSandbox.go:94.53,96.2 1 3
lambda/aws-sandbox/graph-ql-api/models/cloudSandbox.go:98.50,100.2 1 3
lambda/aws-sandbox/graph-ql-api/models/cloudSandbox.go:104.71,107.2 2 0
lambda/aws-sandbox/graph-ql-api/models/cloudSandbox.go:109.75,112.2 2 0
lambda/aws-sandbox/graph-ql-api/models/sandbox.go:28.44,30.2 1 1
lambda/aws-sandbox/graph-ql-api/models/sandbox.go:31.58,33.2 1 3
lambda/aws-sandbox/graph-ql-api/models/sandbox.go:34.67,36.2 1 2
lambda/aws-sandbox/graph-ql-api/models/sandbox.go:37.68,39.2 1 2
lambda/aws-sandbox/graph-ql-api/models/sandbox.go:54.50,56.2 1 7
lambda/aws-sandbox/graph-ql-api/models/sandbox.go:57.53,59.2 1 4
lambda/aws-sandbox/graph-ql-api/models/sandbox.go:60.51,62.2 1 4
lambda/aws-sandbox/graph-ql-api/models/sandbox.go:63.56,65.2 1 4
lambda/aws-sandbox/graph-ql-api/models/sandbox.go:66.56,68.2 1 4
lambda/aws-sandbox/graph-ql-api/models/sandbox.go:69.53,71.2 1 4
lambda/aws-sandbox/graph-ql-api/relay/relay.go:21.114,28.16 5 1
lambda/aws-sandbox/graph-ql-api/relay/relay.go:36.2,45.3 2 1
lambda/aws-sandbox/graph-ql-api/relay/relay.go:28.16,34.3 1 0
lambda/aws-sandbox/graph-ql-api/resolver/createNewSandbox.go:11.46,22.2 1 0
lambda/aws-sandbox/graph-ql-api/resolver/deallocateSandbox.go:12.37,26.16 4 2
lambda/aws-sandbox/graph-ql-api/resolver/deallocateSandbox.go:29.2,34.9 1 1
lambda/aws-sandbox/graph-ql-api/resolver/deallocateSandbox.go:26.16,28.3 1 1
lambda/aws-sandbox/graph-ql-api/resolver/leaseSandBox.go:28.40,31.12 2 7
lambda/aws-sandbox/graph-ql-api/resolver/leaseSandBox.go:37.2,38.12 2 6
lambda/aws-sandbox/graph-ql-api/resolver/leaseSandBox.go:43.2,49.49 5 5
lambda/aws-sandbox/graph-ql-api/resolver/leaseSandBox.go:88.2,88.47 1 5
lambda/aws-sandbox/graph-ql-api/resolver/leaseSandBox.go:134.2,134.48 1 1
lambda/aws-sandbox/graph-ql-api/resolver/leaseSandBox.go:31.12,35.3 1 1
lambda/aws-sandbox/graph-ql-api/resolver/leaseSandBox.go:38.12,41.3 1 1
lambda/aws-sandbox/graph-ql-api/resolver/leaseSandBox.go:49.49,66.17 8 0
lambda/aws-sandbox/graph-ql-api/resolver/leaseSandBox.go:69.3,84.9 2 0
lambda/aws-sandbox/graph-ql-api/resolver/leaseSandBox.go:66.17,68.4 1 0
lambda/aws-sandbox/graph-ql-api/resolver/leaseSandBox.go:88.47,96.17 4 4
lambda/aws-sandbox/graph-ql-api/resolver/leaseSandBox.go:100.3,100.21 1 3
lambda/aws-sandbox/graph-ql-api/resolver/leaseSandBox.go:106.3,115.17 7 2
lambda/aws-sandbox/graph-ql-api/resolver/leaseSandBox.go:119.3,129.9 1 1
lambda/aws-sandbox/graph-ql-api/resolver/leaseSandBox.go:96.17,98.4 1 1
lambda/aws-sandbox/graph-ql-api/resolver/leaseSandBox.go:100.21,104.4 1 1
lambda/aws-sandbox/graph-ql-api/resolver/leaseSandBox.go:115.17,117.4 1 1
lambda/aws-sandbox/graph-ql-api/resolver/listSandboxes.go:12.42,20.29 4 3
lambda/aws-sandbox/graph-ql-api/resolver/listSandboxes.go:36.2,37.30 1 3
lambda/aws-sandbox/graph-ql-api/resolver/listSandboxes.go:20.29,21.37 1 9
lambda/aws-sandbox/graph-ql-api/resolver/listSandboxes.go:21.37,33.4 2 3
lambda/aws-sandbox/graph-ql-api/schema/bindata.go:11.61,13.16 2 1
lambda/aws-sandbox/graph-ql-api/schema/bindata.go:17.2,21.16 4 1
lambda/aws-sandbox/graph-ql-api/schema/bindata.go:25.2,25.25 1 1
lambda/aws-sandbox/graph-ql-api/schema/bindata.go:13.16,15.3 1 0
lambda/aws-sandbox/graph-ql-api/schema/bindata.go:21.16,23.3 1 0
lambda/aws-sandbox/graph-ql-api/schema/bindata.go:30.39,35.2 1 1
lambda/aws-sandbox/graph-ql-api/schema/bindata.go:40.41,42.43 2 1
lambda/aws-sandbox/graph-ql-api/schema/bindata.go:45.2,45.52 1 0
lambda/aws-sandbox/graph-ql-api/schema/bindata.go:42.43,44.3 1 1
lambda/aws-sandbox/graph-ql-api/schema/bindata.go:49.28,51.29 2 1
lambda/aws-sandbox/graph-ql-api/schema/bindata.go:54.2,54.14 1 1
lambda/aws-sandbox/graph-ql-api/schema/bindata.go:51.29,53.3 1 1
lambda/aws-sandbox/graph-ql-api/schema/bindata.go:74.46,76.20 2 0
lambda/aws-sandbox/graph-ql-api/schema/bindata.go:86.2,86.22 1 0
lambda/aws-sandbox/graph-ql-api/schema/bindata.go:89.2,90.34 2 0
lambda/aws-sandbox/graph-ql-api/schema/bindata.go:93.2,93.16 1 0
lambda/aws-sandbox/graph-ql-api/schema/bindata.go:76.20,79.30 3 0
lambda/aws-sandbox/graph-ql-api/schema/bindata.go:79.30,81.19 2 0
lambda/aws-sandbox/graph-ql-api/schema/bindata.go:81.19,83.5 1 0
lambda/aws-sandbox/graph-ql-api/schema/bindata.go:86.22,88.3 1 0
lambda/aws-sandbox/graph-ql-api/schema/bindata.go:90.34,92.3 1 0
lambda/aws-sandbox/graph-ql-api/schema/schema.go:6.29,8.36 2 1
lambda/aws-sandbox/graph-ql-api/schema/schema.go:17.2,17.21 1 1
lambda/aws-sandbox/graph-ql-api/schema/schema.go:8.36,13.40 3 1
lambda/aws-sandbox/graph-ql-api/schema/schema.go:13.40,15.4 1 0
lambda/aws-sandbox/graph-ql-api/utils/findAvailableSandbox.go:9.84,11.29 1 7
lambda/aws-sandbox/graph-ql-api/utils/findAvailableSandbox.go:21.2,21.17 1 3
lambda/aws-sandbox/graph-ql-api/utils/findAvailableSandbox.go:11.29,13.17 2 6
lambda/aws-sandbox/graph-ql-api/utils/findAvailableSandbox.go:17.3,17.8 1 4
lambda/aws-sandbox/graph-ql-api/utils/findAvailableSandbox.go:13.17,16.4 2 2
lambda/aws-sandbox/graph-ql-api/utils/findAvailableSandbox.go:17.8,19.4 1 2
lambda/aws-sandbox/graph-ql-api/utils/stringValidators.go:7.36,10.2 2 4
lambda/aws-sandbox/graph-ql-api/utils/stringValidators.go:12.38,15.2 2 8
lambda/aws-sandbox/graph-ql-api/utils/timerange.go:7.65,11.2 3 1
